<?xml version="1.0" encoding="UTF-8"?>
<!-- Generated by org.testng.reporters.JUnitReportReporter -->
<testsuite hostname="likith" failures="0" tests="1" name="functionaltesting.Subjectroute_module" time="6.501" errors="0" timestamp="2024-08-09T13:15:26 IST" skipped="0">
  <testcase classname="functionaltesting.Subjectroute_module" name="showEntrie" time="6.501"/>
</testsuite> <!-- functionaltesting.Subjectroute_module -->
