<?xml version="1.0" encoding="UTF-8"?>
<!-- Generated by org.testng.reporters.JUnitReportReporter -->
<testsuite hostname="likith" failures="0" tests="1" name="integrationtesting.Student_Attendance" time="6.731" errors="0" timestamp="2024-08-11T14:49:51 IST" skipped="0">
  <testcase classname="integrationtesting.Student_Attendance" name="checkDetails" time="6.731"/>
</testsuite> <!-- integrationtesting.Student_Attendance -->
