<?xml version="1.0" encoding="UTF-8"?>
<!-- Generated by org.testng.reporters.JUnitReportReporter -->
<testsuite hostname="likith" failures="0" tests="1" name="integrationtesting.Profile" time="8.424" errors="0" timestamp="2024-08-10T15:38:43 IST" skipped="0">
  <testcase classname="integrationtesting.Profile" name="profileSettings" time="8.424"/>
</testsuite> <!-- integrationtesting.Profile -->
