<?xml version="1.0" encoding="UTF-8"?>
<!-- Generated by org.testng.reporters.JUnitReportReporter -->
<testsuite hostname="likith" failures="0" tests="1" name="integrationtesting.Teacher_Attendance" time="6.661" errors="0" timestamp="2024-08-11T16:53:14 IST" skipped="0">
  <testcase classname="integrationtesting.Teacher_Attendance" name="checkDetails" time="6.661"/>
</testsuite> <!-- integrationtesting.Teacher_Attendance -->
