<?xml version="1.0" encoding="UTF-8"?>
<!-- Generated by org.testng.reporters.JUnitReportReporter -->
<testsuite hostname="likith" failures="0" tests="1" name="functionaltesting.Classroom" time="6.450" errors="0" timestamp="2024-08-08T09:30:24 IST" skipped="0">
  <testcase classname="functionaltesting.Classroom" name="dropDownclass" time="6.450"/>
</testsuite> <!-- functionaltesting.Classroom -->
