<?xml version="1.0" encoding="UTF-8"?>
<!-- Generated by org.testng.reporters.JUnitReportReporter -->
<testsuite hostname="likith" failures="0" tests="1" name="integrationtesting.Grade_module" time="7.930" errors="0" timestamp="2024-08-10T16:57:10 IST" skipped="0">
  <testcase classname="integrationtesting.Grade_module" name="addDetails" time="7.930"/>
</testsuite> <!-- integrationtesting.Grade_module -->
