<?xml version="1.0" encoding="UTF-8"?>
<!-- Generated by org.testng.reporters.JUnitReportReporter -->
<testsuite hostname="likith" failures="0" tests="1" name="functionaltesting.Subjectmodule" time="5.697" errors="0" timestamp="2024-08-08T15:38:40 IST" skipped="0">
  <testcase classname="functionaltesting.Subjectmodule" name="editSubject" time="5.697"/>
</testsuite> <!-- functionaltesting.Subjectmodule -->
