<?xml version="1.0" encoding="UTF-8"?>
<!-- Generated by org.testng.reporters.JUnitReportReporter -->
<testsuite hostname="likith" failures="0" tests="1" name="integrationtesting.Teacher_module" time="12.835" errors="0" timestamp="2024-08-11T11:38:55 IST" skipped="0">
  <testcase classname="integrationtesting.Teacher_module" name="addteacherdetails" time="12.835"/>
</testsuite> <!-- integrationtesting.Teacher_module -->
