<?xml version="1.0" encoding="UTF-8"?>
<!-- Generated by org.testng.reporters.JUnitReportReporter -->
<testsuite hostname="likith" failures="0" tests="1" name="systemtesting.Negativeclassdropdown" time="12.525" errors="0" timestamp="2024-08-08T12:14:00 IST" skipped="0">
  <testcase classname="systemtesting.Negativeclassdropdown" name="withOutDropdown" time="12.525"/>
</testsuite> <!-- systemtesting.Negativeclassdropdown -->
