<?xml version="1.0" encoding="UTF-8"?>
<!-- Generated by org.testng.reporters.JUnitReportReporter -->
<testsuite hostname="likith" failures="0" tests="1" name="integrationtesting.Exam_module" time="12.300" errors="0" timestamp="2024-08-11T17:38:09 IST" skipped="0">
  <testcase classname="integrationtesting.Exam_module" name="examDetails" time="12.300"/>
</testsuite> <!-- integrationtesting.Exam_module -->
