<?xml version="1.0" encoding="UTF-8"?>
<!-- Generated by org.testng.reporters.JUnitReportReporter -->
<testsuite hostname="likith" failures="0" tests="1" name="functionaltesting.TeacherModule" time="5.703" errors="0" timestamp="2024-08-08T18:46:37 IST" skipped="0">
  <testcase classname="functionaltesting.TeacherModule" name="PaymentHistory" time="5.703"/>
</testsuite> <!-- functionaltesting.TeacherModule -->
