<?xml version="1.0" encoding="UTF-8"?>
<!-- Generated by org.testng.reporters.JUnitReportReporter -->
<testsuite hostname="likith" failures="0" tests="1" name="integrationtesting.Subject_module" time="6.861" errors="0" timestamp="2024-08-10T16:10:41 IST" skipped="0">
  <testcase classname="integrationtesting.Subject_module" name="SearchSubjectName" time="6.861"/>
</testsuite> <!-- integrationtesting.Subject_module -->
